<?xml version="1.0" encoding="UTF-8"?>
<!-- Generated by org.testng.reporters.JUnitReportReporter -->
<testsuite skipped="0" hostname="197nodnb22807" name="CompareResponse.CompareTwoApiTest" tests="1" failures="0" timestamp="09 Dec 2019 07:48:33 GMT" time="99.048" errors="0">
  <testcase name="compareTwoApis" time="99.048" classname="CompareResponse.CompareTwoApiTest"/>
</testsuite> <!-- CompareResponse.CompareTwoApiTest -->
